

â”â”â”â”â”â”â”â”â”â”â”â”â”â”â”â”â”â”â”â”â”â”â”â”â”â”â”â”â”â”â”â”â”â”â”â”â”â”â”â”â”â”â”â”â”â”â”â”â”â”â”â”â”â”â”â”â”â”â”â”â”â”â”â”â”â”â”â”â”â”â”â”â”â”â”â”â”â”â”â”â”“
â”ƒ [38;5;196mWARNING[38;5;228m[[38;5;166mcode=[38;5;1m0[38;5;228m]: Invalid argument [0m[80Câ”ƒ
â”—â”â”â”â”â”â”â”â”â”â”â”â”â”â”â”â”â”â”â”â”â”â”â”â”â”â”â”â”â”â”â”â”â”â”â”â”â”â”â”â”â”â”â”â”â”â”â”â”â”â”â”â”â”â”â”â”â”â”â”â”â”â”â”â”â”â”â”â”â”â”â”â”â”â”â”â”â”â”â”â”›
â”â”â”â”â”â”â”â”â”â”â”â”â”â”â”â”â”â”â”â”â”â”â”â”â”â”â”â”â”â”â”â”â”â”â”â”â”â”â”â”â”â”â”â”â”â”â”â”â”â”â”â”â”â”â”â”â”â”â”â”â”â”â”â”â”â”â”â”â”â”â”â”â”â”â”â”â”â”â”â”â”“
â”ƒ [38;5;228mPyr0ball's Reductive Bash Language Installer - v1.1[0m[80Câ”ƒ
â”ƒ [38;5;69mUsage:[0m[80Câ”ƒ
â”ƒ [38;5;228m./install.sh [1m[args][0m[80Câ”ƒ
â”ƒ â–«â–«â–«â–«â–«â–«â–«â–«â–«â–«â–«â–«â–«â–«â–«â–«â–«â–«â–«â–«â–«â–«â–«â–«â–«â–«â–«â–«â–«â–«â–«â–«â–«â–«â–«â–«â–«â–«â–«â–«â–«â–«â–«â–«â–«â–«â–«â–«â–«â–«â–«â–«â–«â–«â–«â–«â–«â–«â–«â–«â–«â–«â–«â–«â–«â–«â–«â–«â–«â–«â–«â–«â–«â–«â–«â–«â–«[80Câ”ƒ
â”ƒ [args:][80Câ”ƒ
â”ƒ    -i [--install][80Câ”ƒ
â”ƒ    -r [--remove][80Câ”ƒ
â”ƒ    -u [--update][80Câ”ƒ
â”ƒ    -h [--help][80Câ”ƒ
â”ƒ [80Câ”ƒ
â”ƒ Running this installer as 'root' will install globally to /usr/share/prbl[80Câ”ƒ
â”ƒ You must run as 'root' for this script to automatically resolve dependencies[80Câ”ƒ
â”—â”â”â”â”â”â”â”â”â”â”â”â”â”â”â”â”â”â”â”â”â”â”â”â”â”â”â”â”â”â”â”â”â”â”â”â”â”â”â”â”â”â”â”â”â”â”â”â”â”â”â”â”â”â”â”â”â”â”â”â”â”â”â”â”â”â”â”â”â”â”â”â”â”â”â”â”â”â”â”â”›


â”â”â”â”â”â”â”â”â”â”â”â”â”â”â”â”â”â”â”â”â”â”â”â”â”â”â”â”â”â”â”â”â”â”â”â”â”â”â”â”â”â”â”â”â”â”â”â”â”â”â”â”â”â”â”â”â”â”â”â”â”â”â”â”â”â”â”â”â”â”â”â”â”â”â”â”â”â”â”â”â”“
â”ƒ [38;5;196mWARNING[38;5;228m[[38;5;166mcode=[38;5;1m0[38;5;228m]: Some of the utilities needed by this script are missing[0m[80Câ”ƒ
â”—â”â”â”â”â”â”â”â”â”â”â”â”â”â”â”â”â”â”â”â”â”â”â”â”â”â”â”â”â”â”â”â”â”â”â”â”â”â”â”â”â”â”â”â”â”â”â”â”â”â”â”â”â”â”â”â”â”â”â”â”â”â”â”â”â”â”â”â”â”â”â”â”â”â”â”â”â”â”â”â”›
Missing utilities:
 lm-sensors net-tools update-notifier-common
After this installer completes, run:
â–«â–«â–«â–«â–«â–«â–«â–«â–«â–«â–«â–«â–«â–«â–«â–«â–«â–«â–«â–«â–«â–«â–«â–«â–«â–«â–«â–«â–«â–«â–«â–«â–«â–«â–«â–«â–«â–«â–«â–«â–«â–«â–«â–«â–«â–«â–«â–«â–«â–«â–«â–«â–«â–«â–«â–«â–«â–«â–«â–«â–«â–«â–«â–«â–«â–«â–«â–«â–«â–«â–«â–«â–«â–«â–«â–«â–«

[38;5;69msudo apt install -y  lm-sensors net-tools update-notifier-common
[0mâ”â”â”â”â”â”â”â”â”â”â”â”â”â”â”â”â”â”â”â”â”â”â”â”â”â”â”â”â”â”â”â”â”â”â”â”â”â”â”â”â”â”â”â”â”â”â”â”â”â”â”â”â”â”â”â”â”â”â”â”â”â”â”â”â”â”â”â”â”â”â”â”â”â”â”â”â”â”â”â”â”“
â”ƒ Press 'Enter' key when ready to proceed[80Câ”ƒ
â”—â”â”â”â”â”â”â”â”â”â”â”â”â”â”â”â”â”â”â”â”â”â”â”â”â”â”â”â”â”â”â”â”â”â”â”â”â”â”â”â”â”â”â”â”â”â”â”â”â”â”â”â”â”â”â”â”â”â”â”â”â”â”â”â”â”â”â”â”â”â”â”â”â”â”â”â”â”â”â”â”›


â”â”â”â”â”â”â”â”â”â”â”â”â”â”â”â”â”â”â”â”â”â”â”â”â”â”â”â”â”â”â”â”â”â”â”â”â”â”â”â”â”â”â”â”â”â”â”â”â”â”â”â”â”â”â”â”â”â”â”â”â”â”â”â”â”â”â”â”â”â”â”â”â”â”â”â”â”â”â”â”â”“
â”ƒ [38;5;196mWARNING[38;5;228m[[38;5;166mcode=[38;5;1m0[38;5;228m]: QuickInfo cron task creation failed. Check [38;5;69mcrontab -e[0m for errors[0m[80Câ”ƒ
â”—â”â”â”â”â”â”â”â”â”â”â”â”â”â”â”â”â”â”â”â”â”â”â”â”â”â”â”â”â”â”â”â”â”â”â”â”â”â”â”â”â”â”â”â”â”â”â”â”â”â”â”â”â”â”â”â”â”â”â”â”â”â”â”â”â”â”â”â”â”â”â”â”â”â”â”â”â”â”â”â”›
[H[2J[3Jâ”â”â”â”â”â”â”â”â”â”â”â”â”â”â”â”â”â”â”â”â”â”â”â”â”â”â”â”â”â”â”â”â”â”â”â”â”â”â”â”â”â”â”â”â”â”â”â”â”â”â”â”â”â”â”â”â”â”â”â”â”â”â”â”â”â”â”â”â”â”â”â”â”â”â”â”â”â”â”â”â”“
â”ƒ [38;5;2mPlease be sure to run [38;5;228msensors-detect --auto[38;5;2m after installation completes[0m[80Câ”ƒ
â”—â”â”â”â”â”â”â”â”â”â”â”â”â”â”â”â”â”â”â”â”â”â”â”â”â”â”â”â”â”â”â”â”â”â”â”â”â”â”â”â”â”â”â”â”â”â”â”â”â”â”â”â”â”â”â”â”â”â”â”â”â”â”â”â”â”â”â”â”â”â”â”â”â”â”â”â”â”â”â”â”›


â”â”â”â”â”â”â”â”â”â”â”â”â”â”â”â”â”â”â”â”â”â”â”â”â”â”â”â”â”â”â”â”â”â”â”â”â”â”â”â”â”â”â”â”â”â”â”â”â”â”â”â”â”â”â”â”â”â”â”â”â”â”â”â”â”â”â”â”â”â”â”â”â”â”â”â”â”â”â”â”â”“
â”ƒ  install.sh [38;5;2mSUCCESS[0m[38;5;1mP[38;5;196mR[38;5;3mb[38;5;166mL [38;5;228mInstalled[0m[80Câ”ƒ
â”—â”â”â”â”â”â”â”â”â”â”â”â”â”â”â”â”â”â”â”â”â”â”â”â”â”â”â”â”â”â”â”â”â”â”â”â”â”â”â”â”â”â”â”â”â”â”â”â”â”â”â”â”â”â”â”â”â”â”â”â”â”â”â”â”â”â”â”â”â”â”â”â”â”â”â”â”â”â”â”â”›
